<?xml version="1.0" encoding="UTF-8"?>
<testng-results skipped="0" failed="0" total="5" passed="5">
  <reporter-output>
  </reporter-output>
  <suite name="com.yahoo.ycsb.db.ElasticSearchClientTest" duration-ms="2179" started-at="2014-04-17T06:59:06Z" finished-at="2014-04-17T06:59:08Z">
    <groups>
    </groups>
    <test name="Command line test" duration-ms="2179" started-at="2014-04-17T06:59:06Z" finished-at="2014-04-17T06:59:08Z">
      <class name="com.yahoo.ycsb.db.ElasticSearchClientTest">
        <test-method status="PASS" signature="setUpClass()" name="setUpClass" is-config="true" duration-ms="1883" started-at="2014-04-17T06:59:06Z" finished-at="2014-04-17T06:59:08Z">
        </test-method>
        <test-method status="PASS" signature="setUp()" name="setUp" is-config="true" duration-ms="177" started-at="2014-04-17T06:59:08Z" finished-at="2014-04-17T06:59:08Z">
        </test-method>
        <test-method status="PASS" signature="testDelete()" name="testDelete" duration-ms="4" started-at="2014-04-17T06:59:08Z" finished-at="2014-04-17T06:59:08Z">
        </test-method>
        <test-method status="PASS" signature="tearDown()" name="tearDown" is-config="true" duration-ms="0" started-at="2014-04-17T06:59:08Z" finished-at="2014-04-17T06:59:08Z">
        </test-method>
        <test-method status="PASS" signature="setUp()" name="setUp" is-config="true" duration-ms="3" started-at="2014-04-17T06:59:08Z" finished-at="2014-04-17T06:59:08Z">
        </test-method>
        <test-method status="PASS" signature="testInsert()" name="testInsert" duration-ms="2" started-at="2014-04-17T06:59:08Z" finished-at="2014-04-17T06:59:08Z">
        </test-method>
        <test-method status="PASS" signature="tearDown()" name="tearDown" is-config="true" duration-ms="1" started-at="2014-04-17T06:59:08Z" finished-at="2014-04-17T06:59:08Z">
        </test-method>
        <test-method status="PASS" signature="setUp()" name="setUp" is-config="true" duration-ms="3" started-at="2014-04-17T06:59:08Z" finished-at="2014-04-17T06:59:08Z">
        </test-method>
        <test-method status="PASS" signature="testRead()" name="testRead" duration-ms="8" started-at="2014-04-17T06:59:08Z" finished-at="2014-04-17T06:59:08Z">
        </test-method>
        <test-method status="PASS" signature="tearDown()" name="tearDown" is-config="true" duration-ms="0" started-at="2014-04-17T06:59:08Z" finished-at="2014-04-17T06:59:08Z">
        </test-method>
        <test-method status="PASS" signature="setUp()" name="setUp" is-config="true" duration-ms="2" started-at="2014-04-17T06:59:08Z" finished-at="2014-04-17T06:59:08Z">
        </test-method>
        <test-method status="PASS" signature="testScan()" name="testScan" duration-ms="51" started-at="2014-04-17T06:59:08Z" finished-at="2014-04-17T06:59:08Z">
        </test-method>
        <test-method status="PASS" signature="tearDown()" name="tearDown" is-config="true" duration-ms="1" started-at="2014-04-17T06:59:08Z" finished-at="2014-04-17T06:59:08Z">
        </test-method>
        <test-method status="PASS" signature="setUp()" name="setUp" is-config="true" duration-ms="3" started-at="2014-04-17T06:59:08Z" finished-at="2014-04-17T06:59:08Z">
        </test-method>
        <test-method status="PASS" signature="testUpdate()" name="testUpdate" duration-ms="2" started-at="2014-04-17T06:59:08Z" finished-at="2014-04-17T06:59:08Z">
        </test-method>
        <test-method status="PASS" signature="tearDown()" name="tearDown" is-config="true" duration-ms="1" started-at="2014-04-17T06:59:08Z" finished-at="2014-04-17T06:59:08Z">
        </test-method>
        <test-method status="PASS" signature="tearDownClass()" name="tearDownClass" is-config="true" duration-ms="29" started-at="2014-04-17T06:59:08Z" finished-at="2014-04-17T06:59:08Z">
        </test-method>
      </class>
    </test>
  </suite>
</testng-results>
